c:\users\gal\desktop\bebs\bebs\x64\debug\bebs.adminmenu.resources
c:\users\gal\desktop\bebs\bebs\x64\debug\bebs.discountcontrol.resources
c:\users\gal\desktop\bebs\bebs\x64\debug\bebs.homepage.resources
c:\users\gal\desktop\bebs\bebs\x64\debug\bebs.loginmenu.resources
c:\users\gal\desktop\bebs\bebs\x64\debug\bebs.orderscontrol.resources
c:\users\gal\desktop\bebs\bebs\x64\debug\bebs.profitcontrol.resources
c:\users\gal\desktop\bebs\bebs\x64\debug\bebs.registermenu.resources
c:\users\gal\desktop\bebs\bebs\x64\debug\bebs.salescontrol.resources
c:\users\gal\desktop\bebs\bebs\x64\debug\bebs.shoppingmenu.resources
c:\users\gal\desktop\bebs\bebs\x64\debug\bebs.userscontrol.resources
c:\users\gal\desktop\bebs\bebs\x64\debug\bebs.pch
c:\users\gal\desktop\bebs\bebs\x64\debug\vc142.pdb
c:\users\gal\desktop\bebs\bebs\x64\debug\pch.obj
c:\users\gal\desktop\bebs\bebs\x64\debug\userscontrol.obj
c:\users\gal\desktop\bebs\bebs\x64\debug\user.obj
c:\users\gal\desktop\bebs\bebs\x64\debug\shoppingmenu.obj
c:\users\gal\desktop\bebs\bebs\x64\debug\salescontrol.obj
c:\users\gal\desktop\bebs\bebs\x64\debug\registermenu.obj
c:\users\gal\desktop\bebs\bebs\x64\debug\profitcontrol.obj
c:\users\gal\desktop\bebs\bebs\x64\debug\orderscontrol.obj
c:\users\gal\desktop\bebs\bebs\x64\debug\mysql.obj
c:\users\gal\desktop\bebs\bebs\x64\debug\manager.obj
c:\users\gal\desktop\bebs\bebs\x64\debug\loginmenu.obj
c:\users\gal\desktop\bebs\bebs\x64\debug\item.obj
c:\users\gal\desktop\bebs\bebs\x64\debug\inventory.obj
c:\users\gal\desktop\bebs\bebs\x64\debug\homepage.obj
c:\users\gal\desktop\bebs\bebs\x64\debug\discountcontrol.obj
c:\users\gal\desktop\bebs\bebs\x64\debug\coustomer.obj
c:\users\gal\desktop\bebs\bebs\x64\debug\book.obj
c:\users\gal\desktop\bebs\bebs\x64\debug\bebs.obj
c:\users\gal\desktop\bebs\bebs\x64\debug\assemblyinfo.obj
c:\users\gal\desktop\bebs\bebs\x64\debug\adminmenu.obj
c:\users\gal\desktop\bebs\bebs\x64\debug\.netframework,version=v4.7.2.assemblyattributes.obj
c:\users\gal\desktop\bebs\x64\debug\mysql.data.dll
c:\users\gal\desktop\bebs\x64\debug\google.protobuf.dll
c:\users\gal\desktop\bebs\x64\debug\bouncycastle.crypto.dll
c:\users\gal\desktop\bebs\x64\debug\ubiety.dns.core.dll
c:\users\gal\desktop\bebs\x64\debug\renci.sshnet.dll
c:\users\gal\desktop\bebs\x64\debug\mysql.data.xml
c:\users\gal\desktop\bebs\x64\debug\bebs.exe
c:\users\gal\desktop\bebs\x64\debug\bebs.pdb
c:\users\gal\desktop\bebs\bebs\x64\debug\bebs.tlog\metagen.write.1.tlog
c:\users\gal\desktop\bebs\bebs\x64\debug\app.res
c:\users\gal\desktop\bebs\bebs\x64\debug\bebs.tlog\bebs.write.1u.tlog
c:\users\gal\desktop\bebs\bebs\x64\debug\bebs.tlog\cl.command.1.tlog
c:\users\gal\desktop\bebs\bebs\x64\debug\bebs.tlog\cl.read.1.tlog
c:\users\gal\desktop\bebs\bebs\x64\debug\bebs.tlog\cl.write.1.tlog
c:\users\gal\desktop\bebs\bebs\x64\debug\bebs.tlog\copylocal.read.1u.tlog
c:\users\gal\desktop\bebs\bebs\x64\debug\bebs.tlog\copylocal.write.1u.tlog
c:\users\gal\desktop\bebs\bebs\x64\debug\bebs.tlog\link.command.1.tlog
c:\users\gal\desktop\bebs\bebs\x64\debug\bebs.tlog\link.read.1.tlog
c:\users\gal\desktop\bebs\bebs\x64\debug\bebs.tlog\link.write.1.tlog
c:\users\gal\desktop\bebs\bebs\x64\debug\bebs.tlog\metagen.read.1.tlog
c:\users\gal\desktop\bebs\bebs\x64\debug\bebs.tlog\rc.command.1.tlog
c:\users\gal\desktop\bebs\bebs\x64\debug\bebs.tlog\rc.read.1.tlog
c:\users\gal\desktop\bebs\bebs\x64\debug\bebs.tlog\rc.write.1.tlog
c:\users\gal\desktop\bebs\bebs\x64\debug\bebs.tlog\mysql.data.dll.metagen
